\BOOKMARK [1][-]{section*.2}{\376\377\000I\000M\000P\000O\000R\000T\000A\000N\000T\000\040\000S\000A\000F\000E\000T\000Y\000\040\000I\000N\000F\000O\000R\000M\000A\000T\000I\000O\000N}{}% 1
\BOOKMARK [1][-]{section*.3}{\376\377\000D\000a\000n\000g\000e\000r}{}% 2
\BOOKMARK [1][-]{section*.4}{\376\377\000U\000s\000e\000r\000\040\000M\000a\000i\000n\000t\000e\000n\000a\000n\000c\000e\000\040\000I\000n\000s\000t\000r\000u\000c\000t\000i\000o\000n\000s}{}% 3
\BOOKMARK [1][-]{section*.5}{\376\377\000S\000i\000g\000n\000a\000l\000\040\000W\000o\000r\000d\000s}{}% 4
\BOOKMARK [1][-]{section*.6}{\376\377\000S\000y\000m\000b\000o\000l\000s}{}% 5
\BOOKMARK [1][-]{section*.7}{\376\377\000W\000H\000A\000T\040\031\000S\000\040\000I\000N\000\040\000T\000H\000E\000\040\000B\000O\000X}{}% 6
\BOOKMARK [2][-]{subsection*.8}{\376\377\000F\000C\000C}{section*.7}% 7
\BOOKMARK [2][-]{subsection*.9}{\376\377\000I\000N\000C\000L\000U\000D\000E\000D\000\040\000I\000T\000E\000M\000S}{section*.7}% 8
\BOOKMARK [1][-]{section*.10}{\376\377\000P\000R\000O\000D\000U\000C\000T\000\040\000O\000V\000E\000R\000V\000I\000E\000W}{}% 9
\BOOKMARK [2][-]{subsection*.11}{\376\377\000F\000R\000O\000N\000T\000\040\000V\000I\000E\000W}{section*.10}% 10
\BOOKMARK [2][-]{subsection*.12}{\376\377\000R\000I\000G\000H\000T\000\040\000S\000I\000D\000E\000\040\000V\000I\000E\000W}{section*.10}% 11
\BOOKMARK [1][-]{section*.13}{\376\377\000L\000C\000D\000\040\000D\000I\000S\000P\000L\000A\000Y}{}% 12
\BOOKMARK [1][-]{section*.14}{\376\377\000O\000P\000E\000R\000A\000T\000I\000O\000N\000S}{}% 13
\BOOKMARK [2][-]{subsection*.15}{\376\377\000P\000O\000W\000E\000R\000\040\000O\000N\000/\000O\000F\000F}{section*.14}% 14
\BOOKMARK [2][-]{subsection*.16}{\376\377\000A\000C\000\040\000O\000U\000T\000P\000U\000T\000\040\000O\000N\000/\000O\000F\000F}{section*.14}% 15
\BOOKMARK [2][-]{subsection*.17}{\376\377\000D\000C\000\040\0001\0002\000V\000/\000U\000S\000B\000\040\000O\000U\000T\000P\000U\000T\000\040\000O\000N\000/\000O\000F\000F}{section*.14}% 16
\BOOKMARK [2][-]{subsection*.18}{\376\377\000E\000N\000E\000R\000G\000Y\000\040\000S\000A\000V\000I\000N\000G\000\040\000M\000O\000D\000E}{section*.14}% 17
\BOOKMARK [2][-]{subsection*.19}{\376\377\000L\000E\000D\000\040\000L\000I\000G\000H\000T\000\040\000O\000N\000/\000O\000F\000F}{section*.14}% 18
\BOOKMARK [2][-]{subsection*.20}{\376\377\000L\000C\000D\000\040\000S\000C\000R\000E\000E\000N}{section*.14}% 19
\BOOKMARK [2][-]{subsection*.21}{\376\377\000K\000E\000Y\000\040\000C\000O\000M\000B\000I\000N\000A\000T\000I\000O\000N}{section*.14}% 20
\BOOKMARK [1][-]{section*.22}{\376\377\000U\000N\000I\000N\000T\000E\000R\000R\000U\000P\000T\000I\000B\000L\000E\000\040\000P\000O\000W\000E\000R\000\040\000S\000U\000P\000P\000L\000Y\000\040\000\050\000U\000P\000S\000\051}{}% 21
\BOOKMARK [1][-]{section*.23}{\376\377\000C\000H\000A\000R\000G\000I\000N\000G}{}% 22
\BOOKMARK [2][-]{subsection*.24}{\376\377\000C\000H\000A\000R\000G\000I\000N\000G\000\040\000V\000I\000A\000\040\000A\000C\000\040\000W\000A\000L\000L\000\040\000O\000U\000T\000L\000E\000T}{section*.23}% 23
\BOOKMARK [2][-]{subsection*.25}{\376\377\000C\000H\000A\000R\000G\000I\000N\000G\000\040\000V\000I\000A\000\040\000S\000O\000L\000A\000R\000\040\000P\000A\000N\000E\000L\000S\000\040\000\050\000S\000O\000L\000D\000\040\000S\000E\000P\000A\000R\000A\000T\000E\000L\000Y\000\051}{section*.23}% 24
\BOOKMARK [2][-]{subsection*.26}{\376\377\000C\000H\000A\000R\000G\000I\000N\000G\000\040\000V\000I\000A\000\040\000A\000\040\000C\000A\000R\000\040\000C\000H\000A\000R\000G\000E\000R\000\040\000\050\000S\000O\000L\000D\000\040\000S\000E\000P\000A\000R\000A\000T\000E\000L\000Y\000\051}{section*.23}% 25
\BOOKMARK [1][-]{section*.27}{\376\377\000S\000T\000O\000R\000A\000G\000E}{}% 26
\BOOKMARK [1][-]{section*.28}{\376\377\000T\000R\000O\000U\000B\000L\000E\000S\000H\000O\000O\000T\000I\000N\000G}{}% 27
\BOOKMARK [1][-]{section*.29}{\376\377\000S\000P\000E\000C\000I\000F\000I\000C\000A\000T\000I\000O\000N\000S}{}% 28
\BOOKMARK [1][-]{section*.30}{\376\377\000W\000A\000R\000R\000A\000N\000T\000Y}{}% 29
\BOOKMARK [2][-]{subsection*.31}{\376\377\000L\000i\000m\000i\000t\000e\000d\000\040\000W\000a\000r\000r\000a\000n\000t\000y}{section*.30}% 30
\BOOKMARK [2][-]{subsection*.32}{\376\377\000W\000a\000r\000r\000a\000n\000t\000y\000\040\000P\000e\000r\000i\000o\000d}{section*.30}% 31
\BOOKMARK [2][-]{subsection*.33}{\376\377\000R\000e\000p\000a\000i\000r\000\040\000o\000r\000\040\000R\000e\000p\000l\000a\000c\000e\000m\000e\000n\000t}{section*.30}% 32
\BOOKMARK [2][-]{subsection*.34}{\376\377\000L\000i\000m\000i\000t\000e\000d\000\040\000t\000o\000\040\000O\000r\000i\000g\000i\000n\000a\000l\000\040\000C\000o\000n\000s\000u\000m\000e\000r\000\040\000B\000u\000y\000e\000r}{section*.30}% 33
\BOOKMARK [2][-]{subsection*.35}{\376\377\000E\000x\000c\000l\000u\000s\000i\000o\000n\000s}{section*.30}% 34
\BOOKMARK [2][-]{subsection*.36}{\376\377\000I\000n\000t\000e\000r\000p\000r\000e\000t\000a\000t\000i\000o\000n\000\040\000R\000i\000g\000h\000t\000s}{section*.30}% 35
\BOOKMARK [1][-]{section*.37}{\376\377\000A\000P\000P\000\040\000S\000E\000T\000U\000P}{}% 36
